0 info it worked if it ends with ok
1 verbose cli [ 'E:\\node.exe',
1 verbose cli   'E:\\node_modules\\npm\\bin\\npm-cli.js',
1 verbose cli   'run',
1 verbose cli   'watch' ]
2 info using npm@3.10.10
3 info using node@v6.10.0
4 verbose run-script [ 'prewatch', 'watch', 'postwatch' ]
5 info lifecycle newedenfaces@1.0.0~prewatch: newedenfaces@1.0.0
6 silly lifecycle newedenfaces@1.0.0~prewatch: no script for prewatch, continuing
7 info lifecycle newedenfaces@1.0.0~watch: newedenfaces@1.0.0
8 verbose lifecycle newedenfaces@1.0.0~watch: unsafe-perm in lifecycle true
9 verbose lifecycle newedenfaces@1.0.0~watch: PATH: E:\node_modules\npm\bin\node-gyp-bin;D:\study\Demos\newedenface\node_modules\.bin;E:\software\jdk1.8.0_20_64\bin;C:\WINDOWS\system32;C:\WINDOWS;C:\WINDOWS\System32\Wbem;C:\WINDOWS\System32\WindowsPowerShell\v1.0\;E:\useSoftware\Git\cmd;C:\WINDOWS\system32\config\systemprofile\.dnx\bin;C:\Program Files\Microsoft DNX\Dnvm\;C:\Program Files\Microsoft SQL Server\130\Tools\Binn\;E:\;C:\Program Files\EsafeNet\Cobra DocGuard Client;C:\Users\xinyu.cai\AppData\Local\Microsoft\WindowsApps;C:\Users\xinyu.cai\AppData\Roaming\npm;
10 verbose lifecycle newedenfaces@1.0.0~watch: CWD: D:\study\Demos\newedenface
11 silly lifecycle newedenfaces@1.0.0~watch: Args: [ '/d /s /c', 'nodemon server.js' ]
12 verbose stack Error: kill ENOSYS
12 verbose stack     at exports._errnoException (util.js:1022:11)
12 verbose stack     at process.kill (internal/process.js:172:13)
12 verbose stack     at process.listener (E:\node_modules\npm\node_modules\npmlog\node_modules\gauge\node_modules\signal-exit\index.js:86:15)
12 verbose stack     at emitNone (events.js:91:20)
12 verbose stack     at process.emit (events.js:185:7)
12 verbose stack     at processEmit (E:\node_modules\npm\node_modules\npmlog\node_modules\gauge\node_modules\signal-exit\index.js:146:32)
12 verbose stack     at processEmit (E:\node_modules\npm\node_modules\npm-registry-client\node_modules\npmlog\node_modules\gauge\node_modules\signal-exit\index.js:146:32)
12 verbose stack     at Signal.wrap.onsignal (internal/process.js:199:44)
13 verbose cwd D:\study\Demos\newedenface
14 error Windows_NT 10.0.15063
15 error argv "E:\\node.exe" "E:\\node_modules\\npm\\bin\\npm-cli.js" "run" "watch"
16 error node v6.10.0
17 error npm  v3.10.10
18 error code ENOSYS
19 error errno ENOSYS
20 error syscall kill
21 error kill ENOSYS
22 error If you need help, you may report this error at:
22 error     <https://github.com/npm/npm/issues>
23 verbose exit [ 1, true ]
